#
# There is insufficient memory for the Java Runtime Environment to continue.
# Native memory allocation (malloc) failed to allocate 32744 bytes for ChunkPool::allocate
# Possible reasons:
#   The system is out of physical RAM or swap space
#   In 32 bit mode, the process size limit was hit
# Possible solutions:
#   Reduce memory load on the system
#   Increase physical memory or swap space
#   Check if swap backing store is full
#   Use 64 bit Java on a 64 bit OS
#   Decrease Java heap size (-Xmx/-Xms)
#   Decrease number of Java threads
#   Decrease Java thread stack sizes (-Xss)
#   Set larger code cache with -XX:ReservedCodeCacheSize=
# This output file may be truncated or incomplete.
#
#  Out of Memory Error (allocation.cpp:273), pid=13892, tid=0x0000000000002324
#
# JRE version: OpenJDK Runtime Environment (8.0_152-b01) (build 1.8.0_152-release-1343-b01)
# Java VM: OpenJDK 64-Bit Server VM (25.152-b01 mixed mode windows-amd64 compressed oops)
# Failed to write core dump. Minidumps are not enabled by default on client versions of Windows
#

---------------  T H R E A D  ---------------

Current thread (0x00000000169b1000):  JavaThread "C2 CompilerThread1" daemon [_thread_in_native, id=8996, stack(0x0000000018110000,0x0000000018210000)]

Stack: [0x0000000018110000,0x0000000018210000]
[error occurred during error reporting (printing stack bounds), id 0xc0000005]

Native frames: (J=compiled Java code, j=interpreted, Vv=VM code, C=native code)


Current CompileTask:
C2: 173789 23448       4       com.sun.org.apache.xerces.internal.impl.XMLEntityScanner::scanData (1108 bytes)


---------------  P R O C E S S  ---------------

Java Threads: ( => current thread )
  0x000000001fec0800 JavaThread "ForkJoinPool.commonPool-worker-1" daemon [_thread_in_native, id=14396, stack(0x0000000029790000,0x0000000029890000)]
  0x000000001cbcd800 JavaThread "Cache worker for execution history cache (C:\Project\Mataku\.gradle\5.1.1\executionHistory)" [_thread_blocked, id=13200, stack(0x00000000252c0000,0x00000000253c0000)]
  0x000000001cbc9800 JavaThread "Execution worker for ':' Thread 3" [_thread_blocked, id=12988, stack(0x00000000251c0000,0x00000000252c0000)]
  0x000000001cbca800 JavaThread "Execution worker for ':' Thread 2" [_thread_blocked, id=10984, stack(0x00000000250c0000,0x00000000251c0000)]
  0x000000001cbc9000 JavaThread "Execution worker for ':'" [_thread_blocked, id=12328, stack(0x0000000024fc0000,0x00000000250c0000)]
  0x000000001cbc8000 JavaThread "Cache worker for file content cache (C:\Project\Mataku\.gradle\5.1.1\fileContent)" [_thread_blocked, id=11812, stack(0x0000000024cc0000,0x0000000024dc0000)]
  0x000000001cbcc800 JavaThread "Cache worker for file content cache (C:\Users\zahid\.gradle\caches\5.1.1\fileContent)" [_thread_blocked, id=12268, stack(0x0000000024bc0000,0x0000000024cc0000)]
  0x000000001cbcc000 JavaThread "Memory manager" [_thread_blocked, id=16260, stack(0x0000000023000000,0x0000000023100000)]
  0x000000001cbc3800 JavaThread "Cache worker for Build Output Cleanup Cache (C:\Project\Mataku\.gradle\buildOutputCleanup)" [_thread_blocked, id=9332, stack(0x0000000022f00000,0x0000000023000000)]
  0x000000001cbc6000 JavaThread "pool-1-thread-1" [_thread_blocked, id=5244, stack(0x00000000222c0000,0x00000000223c0000)]
  0x000000001cbbe000 JavaThread "Build operations Thread 4" [_thread_blocked, id=1652, stack(0x0000000021fc0000,0x00000000220c0000)]
  0x000000001cbc2800 JavaThread "Build operations Thread 3" [_thread_blocked, id=10668, stack(0x0000000020c70000,0x0000000020d70000)]
  0x000000001cbc2000 JavaThread "Build operations Thread 2" [_thread_blocked, id=14872, stack(0x0000000020b70000,0x0000000020c70000)]
  0x000000001cbbf800 JavaThread "Build operations" [_thread_blocked, id=7536, stack(0x0000000020a70000,0x0000000020b70000)]
  0x000000001cbc5000 JavaThread "Cache worker for execution history cache (C:\Users\zahid\.gradle\caches\5.1.1\executionHistory)" [_thread_blocked, id=10712, stack(0x000000001f2d0000,0x000000001f3d0000)]
  0x000000001cbc1000 JavaThread "Cache worker for cache directory md-rule (C:\Users\zahid\.gradle\caches\5.1.1\md-rule)" [_thread_blocked, id=9720, stack(0x000000001f1d0000,0x000000001f2d0000)]
  0x0000000019c7d800 JavaThread "Cache worker for cache directory md-supplier (C:\Users\zahid\.gradle\caches\5.1.1\md-supplier)" [_thread_blocked, id=15768, stack(0x000000001f0d0000,0x000000001f1d0000)]
  0x0000000019c7f800 JavaThread "Cache worker for file hash cache (C:\Project\Mataku\.gradle\5.1.1\fileHashes)" [_thread_blocked, id=16488, stack(0x000000001d700000,0x000000001d800000)]
  0x0000000019c83800 JavaThread "Cache worker for journal cache (C:\Users\zahid\.gradle\caches\journal-1)" [_thread_blocked, id=16636, stack(0x000000001b460000,0x000000001b560000)]
  0x0000000019c7f000 JavaThread "File lock request listener" [_thread_in_native, id=4688, stack(0x000000001b360000,0x000000001b460000)]
  0x0000000019c75800 JavaThread "Cache worker for file hash cache (C:\Users\zahid\.gradle\caches\5.1.1\fileHashes)" [_thread_blocked, id=15668, stack(0x000000001b260000,0x000000001b360000)]
  0x00000000197c4800 JavaThread "Thread-8" [_thread_blocked, id=11716, stack(0x000000001b160000,0x000000001b260000)]
  0x00000000197ed000 JavaThread "Asynchronous log dispatcher for DefaultDaemonConnection: socket connection from /127.0.0.1:11112 to /127.0.0.1:11113" [_thread_blocked, id=10308, stack(0x000000001af60000,0x000000001b060000)]
  0x00000000197ec000 JavaThread "Daemon worker" [_thread_blocked, id=15428, stack(0x000000001ac60000,0x000000001ad60000)]
  0x00000000197bd800 JavaThread "Cancel handler" [_thread_blocked, id=7724, stack(0x000000001ab60000,0x000000001ac60000)]
  0x0000000019757800 JavaThread "Handler for socket connection from /127.0.0.1:11112 to /127.0.0.1:11113" [_thread_in_native, id=5672, stack(0x000000001aa60000,0x000000001ab60000)]
  0x000000001975a800 JavaThread "Daemon" [_thread_blocked, id=2840, stack(0x000000001a960000,0x000000001aa60000)]
  0x00000000199ef800 JavaThread "Daemon periodic checks" [_thread_blocked, id=3996, stack(0x000000001a860000,0x000000001a960000)]
  0x0000000019828000 JavaThread "Incoming local TCP Connector on port 11112" [_thread_in_native, id=16564, stack(0x000000001a620000,0x000000001a720000)]
  0x0000000018338800 JavaThread "Service Thread" daemon [_thread_blocked, id=16940, stack(0x0000000018710000,0x0000000018810000)]
  0x00000000169bd800 JavaThread "C1 CompilerThread2" daemon [_thread_in_native, id=10452, stack(0x0000000018210000,0x0000000018310000)]
=>0x00000000169b1000 JavaThread "C2 CompilerThread1" daemon [_thread_in_native, id=8996, stack(0x0000000018110000,0x0000000018210000)]
  0x00000000169aa800 JavaThread "C2 CompilerThread0" daemon [_thread_in_native, id=15208, stack(0x0000000018010000,0x0000000018110000)]
  0x00000000169b9000 JavaThread "Attach Listener" daemon [_thread_blocked, id=11240, stack(0x0000000017f10000,0x0000000018010000)]
  0x00000000169b7800 JavaThread "Signal Dispatcher" daemon [_thread_blocked, id=9612, stack(0x0000000017e10000,0x0000000017f10000)]
  0x0000000002e8c000 JavaThread "Finalizer" daemon [_thread_blocked, id=10872, stack(0x0000000017c10000,0x0000000017d10000)]
  0x0000000002e81000 JavaThread "Reference Handler" daemon [_thread_blocked, id=13424, stack(0x0000000017b10000,0x0000000017c10000)]
  0x0000000002d92800 JavaThread "main" [_thread_blocked, id=10060, stack(0x0000000001480000,0x0000000001580000)]

Other Threads:
  0x0000000016977800 VMThread [stack: 0x0000000017a10000,0x0000000017b10000] [id=4188]
  0x0000000016a0e800 WatcherThread [stack: 0x0000000018810000,0x0000000018910000] [id=14732]

VM state:not at safepoint (normal execution)

VM Mutex/Monitor currently owned by a thread: None

Heap:
 PSYoungGen      total 469504K, used 250640K [0x00000000e0000000, 0x0000000100000000, 0x0000000100000000)
  eden space 420864K, 51% used [0x00000000e0000000,0x00000000ed57f7e0,0x00000000f9b00000)
  from space 48640K, 65% used [0x00000000fd080000,0x00000000fefc4ba8,0x0000000100000000)
  to   space 51712K, 0% used [0x00000000f9b00000,0x00000000f9b00000,0x00000000fcd80000)
 ParOldGen       total 448000K, used 383388K [0x00000000a0000000, 0x00000000bb580000, 0x00000000e0000000)
  object space 448000K, 85% used [0x00000000a0000000,0x00000000b7667058,0x00000000bb580000)
 Metaspace       used 109224K, capacity 113694K, committed 113880K, reserved 1148928K
  class space    used 13536K, capacity 14326K, committed 14336K, reserved 1048576K

Card table byte_map: [0x0000000012500000,0x0000000012810000] byte_map_base: 0x0000000012000000

Marking Bits: (ParMarkBitMap*) 0x00000000574f5aa0
 Begin Bits: [0x0000000012d10000, 0x0000000014510000)
 End Bits:   [0x0000000014510000, 0x0000000015d10000)

Polling page: 0x0000000001580000

CodeCache: size=245760Kb used=63591Kb max_used=63598Kb free=182168Kb
 bounds [0x0000000003140000, 0x0000000006fb0000, 0x0000000012140000]
 total_blobs=18792 nmethods=17888 adapters=814
 compilation: enabled

Compilation events (10 events):
Event: 173.769 Thread 0x00000000169bd800 nmethod 23468 0x0000000006fa40d0 code [0x0000000006fa4220, 0x0000000006fa4390]
Event: 173.775 Thread 0x00000000169b1000 nmethod 23456 0x0000000006fa1f50 code [0x0000000006fa20c0, 0x0000000006fa26f8]
Event: 173.775 Thread 0x00000000169b1000 23448       4       com.sun.org.apache.xerces.internal.impl.XMLEntityScanner::scanData (1108 bytes)
Event: 173.778 Thread 0x00000000169bd800 23469       3       com.android.utils.XmlUtils::stripBom (25 bytes)
Event: 173.779 Thread 0x00000000169bd800 nmethod 23469 0x0000000006fa3750 code [0x0000000006fa38e0, 0x0000000006fa3eb8]
Event: 173.781 Thread 0x00000000169bd800 23470       3       com.google.common.io.Closer::create (11 bytes)
Event: 173.782 Thread 0x00000000169bd800 nmethod 23470 0x0000000006fa2e50 code [0x0000000006fa3000, 0x0000000006fa34c8]
Event: 173.783 Thread 0x00000000169bd800 23471       3       com.google.common.io.Closer::register (16 bytes)
Event: 173.784 Thread 0x00000000169bd800 nmethod 23471 0x0000000006fa1a50 code [0x0000000006fa1bc0, 0x0000000006fa1e28]
Event: 173.784 Thread 0x00000000169bd800 23472   !   3       com.google.common.io.Closer::close (91 bytes)

GC Heap History (10 events):
Event: 149.026 GC heap before
{Heap before GC invocations=50 (full 6):
 PSYoungGen      total 466944K, used 438144K [0x00000000e0000000, 0x00000000ffe80000, 0x0000000100000000)
  eden space 416768K, 100% used [0x00000000e0000000,0x00000000f9700000,0x00000000f9700000)
  from space 50176K, 42% used [0x00000000f9700000,0x00000000fabe0170,0x00000000fc800000)
  to   space 48640K, 0% used [0x00000000fcf00000,0x00000000fcf00000,0x00000000ffe80000)
 ParOldGen       total 448000K, used 372315K [0x00000000a0000000, 0x00000000bb580000, 0x00000000e0000000)
  object space 448000K, 83% used [0x00000000a0000000,0x00000000b6b96d58,0x00000000bb580000)
 Metaspace       used 105916K, capacity 109710K, committed 109912K, reserved 1144832K
  class space    used 13154K, capacity 13864K, committed 13952K, reserved 1048576K
Event: 149.108 GC heap after
Heap after GC invocations=50 (full 6):
 PSYoungGen      total 471040K, used 20208K [0x00000000e0000000, 0x00000000ffb80000, 0x0000000100000000)
  eden space 425472K, 0% used [0x00000000e0000000,0x00000000e0000000,0x00000000f9f80000)
  from space 45568K, 44% used [0x00000000fcf00000,0x00000000fe2bc050,0x00000000ffb80000)
  to   space 47104K, 0% used [0x00000000f9f80000,0x00000000f9f80000,0x00000000fcd80000)
 ParOldGen       total 448000K, used 373995K [0x00000000a0000000, 0x00000000bb580000, 0x00000000e0000000)
  object space 448000K, 83% used [0x00000000a0000000,0x00000000b6d3ad58,0x00000000bb580000)
 Metaspace       used 105916K, capacity 109710K, committed 109912K, reserved 1144832K
  class space    used 13154K, capacity 13864K, committed 13952K, reserved 1048576K
}
Event: 151.532 GC heap before
{Heap before GC invocations=51 (full 6):
 PSYoungGen      total 471040K, used 445680K [0x00000000e0000000, 0x00000000ffb80000, 0x0000000100000000)
  eden space 425472K, 100% used [0x00000000e0000000,0x00000000f9f80000,0x00000000f9f80000)
  from space 45568K, 44% used [0x00000000fcf00000,0x00000000fe2bc050,0x00000000ffb80000)
  to   space 47104K, 0% used [0x00000000f9f80000,0x00000000f9f80000,0x00000000fcd80000)
 ParOldGen       total 448000K, used 373995K [0x00000000a0000000, 0x00000000bb580000, 0x00000000e0000000)
  object space 448000K, 83% used [0x00000000a0000000,0x00000000b6d3ad58,0x00000000bb580000)
 Metaspace       used 105918K, capacity 109710K, committed 109912K, reserved 1144832K
  class space    used 13154K, capacity 13864K, committed 13952K, reserved 1048576K
Event: 151.584 GC heap after
Heap after GC invocations=51 (full 6):
 PSYoungGen      total 472576K, used 19104K [0x00000000e0000000, 0x00000000fff80000, 0x0000000100000000)
  eden space 425472K, 0% used [0x00000000e0000000,0x00000000e0000000,0x00000000f9f80000)
  from space 47104K, 40% used [0x00000000f9f80000,0x00000000fb228040,0x00000000fcd80000)
  to   space 46080K, 0% used [0x00000000fd280000,0x00000000fd280000,0x00000000fff80000)
 ParOldGen       total 448000K, used 375307K [0x00000000a0000000, 0x00000000bb580000, 0x00000000e0000000)
  object space 448000K, 83% used [0x00000000a0000000,0x00000000b6e82d68,0x00000000bb580000)
 Metaspace       used 105918K, capacity 109710K, committed 109912K, reserved 1144832K
  class space    used 13154K, capacity 13864K, committed 13952K, reserved 1048576K
}
Event: 156.078 GC heap before
{Heap before GC invocations=52 (full 6):
 PSYoungGen      total 472576K, used 444576K [0x00000000e0000000, 0x00000000fff80000, 0x0000000100000000)
  eden space 425472K, 100% used [0x00000000e0000000,0x00000000f9f80000,0x00000000f9f80000)
  from space 47104K, 40% used [0x00000000f9f80000,0x00000000fb228040,0x00000000fcd80000)
  to   space 46080K, 0% used [0x00000000fd280000,0x00000000fd280000,0x00000000fff80000)
 ParOldGen       total 448000K, used 375307K [0x00000000a0000000, 0x00000000bb580000, 0x00000000e0000000)
  object space 448000K, 83% used [0x00000000a0000000,0x00000000b6e82d68,0x00000000bb580000)
 Metaspace       used 106400K, capacity 110340K, committed 110552K, reserved 1146880K
  class space    used 13246K, capacity 13977K, committed 14080K, reserved 1048576K
Event: 156.199 GC heap after
Heap after GC invocations=52 (full 6):
 PSYoungGen      total 473600K, used 18485K [0x00000000e0000000, 0x00000000ffc00000, 0x0000000100000000)
  eden space 431104K, 0% used [0x00000000e0000000,0x00000000e0000000,0x00000000fa500000)
  from space 42496K, 43% used [0x00000000fd280000,0x00000000fe48d678,0x00000000ffc00000)
  to   space 44544K, 0% used [0x00000000fa500000,0x00000000fa500000,0x00000000fd080000)
 ParOldGen       total 448000K, used 376779K [0x00000000a0000000, 0x00000000bb580000, 0x00000000e0000000)
  object space 448000K, 84% used [0x00000000a0000000,0x00000000b6ff2d68,0x00000000bb580000)
 Metaspace       used 106400K, capacity 110340K, committed 110552K, reserved 1146880K
  class space    used 13246K, capacity 13977K, committed 14080K, reserved 1048576K
}
Event: 161.331 GC heap before
{Heap before GC invocations=53 (full 6):
 PSYoungGen      total 473600K, used 449589K [0x00000000e0000000, 0x00000000ffc00000, 0x0000000100000000)
  eden space 431104K, 100% used [0x00000000e0000000,0x00000000fa500000,0x00000000fa500000)
  from space 42496K, 43% used [0x00000000fd280000,0x00000000fe48d678,0x00000000ffc00000)
  to   space 44544K, 0% used [0x00000000fa500000,0x00000000fa500000,0x00000000fd080000)
 ParOldGen       total 448000K, used 376779K [0x00000000a0000000, 0x00000000bb580000, 0x00000000e0000000)
  object space 448000K, 84% used [0x00000000a0000000,0x00000000b6ff2d68,0x00000000bb580000)
 Metaspace       used 106461K, capacity 110434K, committed 110552K, reserved 1146880K
  class space    used 13251K, capacity 13982K, committed 14080K, reserved 1048576K
Event: 161.422 GC heap after
Heap after GC invocations=53 (full 6):
 PSYoungGen      total 475648K, used 44518K [0x00000000e0000000, 0x0000000100000000, 0x0000000100000000)
  eden space 431104K, 0% used [0x00000000e0000000,0x00000000e0000000,0x00000000fa500000)
  from space 44544K, 99% used [0x00000000fa500000,0x00000000fd0798a8,0x00000000fd080000)
  to   space 48640K, 0% used [0x00000000fd080000,0x00000000fd080000,0x0000000100000000)
 ParOldGen       total 448000K, used 381860K [0x00000000a0000000, 0x00000000bb580000, 0x00000000e0000000)
  object space 448000K, 85% used [0x00000000a0000000,0x00000000b74e9048,0x00000000bb580000)
 Metaspace       used 106461K, capacity 110434K, committed 110552K, reserved 1146880K
  class space    used 13251K, capacity 13982K, committed 14080K, reserved 1048576K
}
Event: 171.233 GC heap before
{Heap before GC invocations=54 (full 6):
 PSYoungGen      total 475648K, used 475622K [0x00000000e0000000, 0x0000000100000000, 0x0000000100000000)
  eden space 431104K, 100% used [0x00000000e0000000,0x00000000fa500000,0x00000000fa500000)
  from space 44544K, 99% used [0x00000000fa500000,0x00000000fd0798a8,0x00000000fd080000)
  to   space 48640K, 0% used [0x00000000fd080000,0x00000000fd080000,0x0000000100000000)
 ParOldGen       total 448000K, used 381860K [0x00000000a0000000, 0x00000000bb580000, 0x00000000e0000000)
  object space 448000K, 85% used [0x00000000a0000000,0x00000000b74e9048,0x00000000bb580000)
 Metaspace       used 108348K, capacity 112724K, committed 112856K, reserved 1148928K
  class space    used 13463K, capacity 14265K, committed 14336K, reserved 1048576K
Event: 171.414 GC heap after
Heap after GC invocations=54 (full 6):
 PSYoungGen      total 469504K, used 32018K [0x00000000e0000000, 0x0000000100000000, 0x0000000100000000)
  eden space 420864K, 0% used [0x00000000e0000000,0x00000000e0000000,0x00000000f9b00000)
  from space 48640K, 65% used [0x00000000fd080000,0x00000000fefc4ba8,0x0000000100000000)
  to   space 51712K, 0% used [0x00000000f9b00000,0x00000000f9b00000,0x00000000fcd80000)
 ParOldGen       total 448000K, used 383388K [0x00000000a0000000, 0x00000000bb580000, 0x00000000e0000000)
  object space 448000K, 85% used [0x00000000a0000000,0x00000000b7667058,0x00000000bb580000)
 Metaspace       used 108348K, capacity 112724K, committed 112856K, reserved 1148928K
  class space    used 13463K, capacity 14265K, committed 14336K, reserved 1048576K
}

Deoptimization events (10 events):
Event: 172.881 Thread 0x000000001fec0800 Uncommon trap: reason=unstable_if action=reinterpret pc=0x0000000003278940 method=java.lang.CharacterData.of(I)Ljava/lang/CharacterData; @ 4
Event: 172.902 Thread 0x000000001fec0800 Uncommon trap: reason=array_check action=maybe_recompile pc=0x00000000063597cc method=java.util.TimSort.mergeLo(IIII)V @ 468
Event: 173.223 Thread 0x000000001fec0800 Uncommon trap: reason=class_check action=maybe_recompile pc=0x0000000003724ab8 method=java.util.zip.InflaterInputStream.read([BII)I @ 100
Event: 173.224 Thread 0x000000001fec0800 Uncommon trap: reason=class_check action=maybe_recompile pc=0x0000000003724ab8 method=java.util.zip.InflaterInputStream.read([BII)I @ 100
Event: 173.224 Thread 0x000000001fec0800 Uncommon trap: reason=class_check action=maybe_recompile pc=0x0000000003724ab8 method=java.util.zip.InflaterInputStream.read([BII)I @ 100
Event: 173.224 Thread 0x000000001fec0800 Uncommon trap: reason=class_check action=maybe_recompile pc=0x0000000003724ab8 method=java.util.zip.InflaterInputStream.read([BII)I @ 100
Event: 173.250 Thread 0x000000001fec0800 Uncommon trap: reason=unstable_if action=reinterpret pc=0x0000000006daea5c method=com.android.utils.SdkUtils.getResourceFieldName(Ljava/lang/String;)Ljava/lang/String; @ 21
Event: 173.259 Thread 0x000000001fec0800 Uncommon trap: reason=unstable_if action=reinterpret pc=0x0000000003fb1884 method=com.sun.org.apache.xerces.internal.dom.DeferredDocumentImpl.getChunkIndex([[III)I @ 3
Event: 173.266 Thread 0x000000001fec0800 Uncommon trap: reason=unstable_if action=reinterpret pc=0x0000000004d34cac method=com.sun.org.apache.xerces.internal.impl.XMLEntityScanner.scanLiteral(ILcom/sun/org/apache/xerces/internal/xni/XMLString;Z)I @ 562
Event: 173.592 Thread 0x000000001fec0800 Uncommon trap: reason=unstable_if action=reinterpret pc=0x0000000003478c84 method=sun.nio.cs.UTF_8$Decoder.decode([BII[C)I @ 30

Classes redefined (0 events):
No events

Internal exceptions (10 events):
Event: 105.193 Thread 0x000000001f9d7800 Implicit null exception at 0x0000000006559a65 to 0x000000000655edd1
Event: 111.060 Thread 0x000000001f9d8800 Implicit null exception at 0x00000000065e4148 to 0x00000000065ea479
Event: 167.498 Thread 0x000000001cbc9000 Implicit null exception at 0x0000000006c0b6b4 to 0x0000000006c0b909
Event: 168.420 Thread 0x000000001cbc9000 Implicit null exception at 0x0000000006c3a4d5 to 0x0000000006c3a741
Event: 169.094 Thread 0x000000001fec0800 Implicit null exception at 0x000000000424d10a to 0x000000000424d19d
Event: 170.123 Thread 0x000000001fec0800 Exception <a 'sun/nio/fs/WindowsException'> (0x00000000ee4c2c30) thrown at [D:\src\AOSP-openjdk-cygwin\jdk8u\hotspot\src\share\vm\prims\jni.cpp, line 709]
Event: 170.399 Thread 0x000000001cbc9000 Exception <a 'java/lang/IncompatibleClassChangeError': Found class java.lang.Object, but interface was expected> (0x00000000f59d9b00) thrown at [D:\src\AOSP-openjdk-cygwin\jdk8u\hotspot\src\share\vm\interpreter\linkResolver.cpp, line 643]
Event: 171.441 Thread 0x000000001cbc9000 Implicit null exception at 0x00000000035f87b2 to 0x00000000035f8b09
Event: 172.149 Thread 0x000000001feba000 Implicit null exception at 0x0000000003c0722f to 0x0000000003c07321
Event: 173.259 Thread 0x000000001fec0800 Implicit null exception at 0x0000000003fb181a to 0x0000000003fb186d

Events (10 events):
Event: 173.679 Thread 0x000000001fec0800 DEOPT PACKING pc=0x0000000004bbe643 sp=0x000000002988e6d0
Event: 173.679 Thread 0x000000001fec0800 DEOPT UNPACKING pc=0x00000000031875d0 sp=0x000000002988e450 mode 0
Event: 173.688 Thread 0x000000001fec0800 DEOPT PACKING pc=0x00000000042718a8 sp=0x000000002988e780
Event: 173.688 Thread 0x000000001fec0800 DEOPT UNPACKING pc=0x00000000031875d0 sp=0x000000002988e4c0 mode 0
Event: 173.693 Thread 0x000000001fec0800 DEOPT PACKING pc=0x0000000006f87b1a sp=0x000000002988e7d0
Event: 173.693 Thread 0x000000001fec0800 DEOPT UNPACKING pc=0x00000000031875d0 sp=0x000000002988e650 mode 0
Event: 173.726 Thread 0x000000001fec0800 DEOPT PACKING pc=0x0000000006f87b1a sp=0x000000002988e7d0
Event: 173.726 Thread 0x000000001fec0800 DEOPT UNPACKING pc=0x00000000031875d0 sp=0x000000002988e650 mode 0
Event: 173.761 Thread 0x000000001fec0800 DEOPT PACKING pc=0x0000000004bbe643 sp=0x000000002988e6b0
Event: 173.761 Thread 0x000000001fec0800 DEOPT UNPACKING pc=0x00000000031875d0 sp=0x000000002988e418 mode 0


Dynamic libraries:
0x00007ff728d50000 - 0x00007ff728d81000 	C:\Program Files\Android\Android Studio\jre\bin\java.exe
0x00007fff05d50000 - 0x00007fff05f3d000 	C:\WINDOWS\SYSTEM32\ntdll.dll
0x00007fff05860000 - 0x00007fff05913000 	C:\WINDOWS\System32\KERNEL32.DLL
0x00007fff02710000 - 0x00007fff029a3000 	C:\WINDOWS\System32\KERNELBASE.dll
0x00007fff04be0000 - 0x00007fff04c83000 	C:\WINDOWS\System32\ADVAPI32.dll
0x00007fff03110000 - 0x00007fff031ae000 	C:\WINDOWS\System32\msvcrt.dll
0x00007fff04b30000 - 0x00007fff04bce000 	C:\WINDOWS\System32\sechost.dll
0x00007fff02f80000 - 0x00007fff030a2000 	C:\WINDOWS\System32\RPCRT4.dll
0x00007fff05920000 - 0x00007fff05ab7000 	C:\WINDOWS\System32\USER32.dll
0x00007fff02e50000 - 0x00007fff02e70000 	C:\WINDOWS\System32\win32u.dll
0x00007fff055b0000 - 0x00007fff055d9000 	C:\WINDOWS\System32\GDI32.dll
0x00007fff029b0000 - 0x00007fff02b4a000 	C:\WINDOWS\System32\gdi32full.dll
0x00007fff02b50000 - 0x00007fff02bf0000 	C:\WINDOWS\System32\msvcp_win.dll
0x00007fff02590000 - 0x00007fff0268a000 	C:\WINDOWS\System32\ucrtbase.dll
0x00007ffeef920000 - 0x00007ffeefb99000 	C:\WINDOWS\WinSxS\amd64_microsoft.windows.common-controls_6595b64144ccf1df_6.0.17763.437_none_05b63dca071e5dd6\COMCTL32.dll
0x00007fff05090000 - 0x00007fff053bc000 	C:\WINDOWS\System32\combase.dll
0x00007fff02690000 - 0x00007fff0270e000 	C:\WINDOWS\System32\bcryptPrimitives.dll
0x00007fff054b0000 - 0x00007fff054de000 	C:\WINDOWS\System32\IMM32.DLL
0x0000000056850000 - 0x0000000056922000 	C:\Program Files\Android\Android Studio\jre\jre\bin\msvcr100.dll
0x0000000056d30000 - 0x0000000057571000 	C:\Program Files\Android\Android Studio\jre\jre\bin\server\jvm.dll
0x00007fff04bd0000 - 0x00007fff04bd8000 	C:\WINDOWS\System32\PSAPI.DLL
0x00007ffeecc30000 - 0x00007ffeecc39000 	C:\WINDOWS\SYSTEM32\WSOCK32.dll
0x00007ffef9bb0000 - 0x00007ffef9bba000 	C:\WINDOWS\SYSTEM32\VERSION.dll
0x00007fff054e0000 - 0x00007fff0554d000 	C:\WINDOWS\System32\WS2_32.dll
0x00007ffef9750000 - 0x00007ffef9774000 	C:\WINDOWS\SYSTEM32\WINMM.dll
0x00007ffef9720000 - 0x00007ffef974d000 	C:\WINDOWS\SYSTEM32\winmmbase.dll
0x00007fff02bf0000 - 0x00007fff02c3a000 	C:\WINDOWS\System32\cfgmgr32.dll
0x00007ffefe7e0000 - 0x00007ffefe7ef000 	C:\Program Files\Android\Android Studio\jre\jre\bin\verify.dll
0x00007ffefc0b0000 - 0x00007ffefc0d9000 	C:\Program Files\Android\Android Studio\jre\jre\bin\java.dll
0x00007ffefd630000 - 0x00007ffefd646000 	C:\Program Files\Android\Android Studio\jre\jre\bin\zip.dll
0x00007fff03630000 - 0x00007fff04b20000 	C:\WINDOWS\System32\SHELL32.dll
0x00007fff057b0000 - 0x00007fff05858000 	C:\WINDOWS\System32\shcore.dll
0x00007fff01e20000 - 0x00007fff0256a000 	C:\WINDOWS\System32\windows.storage.dll
0x00007fff01dd0000 - 0x00007fff01df4000 	C:\WINDOWS\System32\profapi.dll
0x00007fff01d70000 - 0x00007fff01dcd000 	C:\WINDOWS\System32\powrprof.dll
0x00007fff04e80000 - 0x00007fff04ed2000 	C:\WINDOWS\System32\shlwapi.dll
0x00007fff01d50000 - 0x00007fff01d61000 	C:\WINDOWS\System32\kernel.appcore.dll
0x00007fff02570000 - 0x00007fff02587000 	C:\WINDOWS\System32\cryptsp.dll
0x00007ffefcca0000 - 0x00007ffefccba000 	C:\Program Files\Android\Android Studio\jre\jre\bin\net.dll
0x00007fff015d0000 - 0x00007fff01637000 	C:\WINDOWS\system32\mswsock.dll
0x00007ffefc5f0000 - 0x00007ffefc601000 	C:\Program Files\Android\Android Studio\jre\jre\bin\nio.dll
0x00007ffefbcd0000 - 0x00007ffefbcee000 	C:\Users\zahid\.gradle\native\25\windows-amd64\native-platform.dll
0x00007ffefdd50000 - 0x00007ffefdd5d000 	C:\Program Files\Android\Android Studio\jre\jre\bin\management.dll
0x00007fff01190000 - 0x00007fff011c3000 	C:\WINDOWS\system32\rsaenh.dll
0x00007fff02e20000 - 0x00007fff02e46000 	C:\WINDOWS\System32\bcrypt.dll
0x00007fff01c80000 - 0x00007fff01ca8000 	C:\WINDOWS\SYSTEM32\USERENV.dll
0x00007fff017a0000 - 0x00007fff017ac000 	C:\WINDOWS\SYSTEM32\CRYPTBASE.dll
0x00007fff01330000 - 0x00007fff0136d000 	C:\WINDOWS\SYSTEM32\IPHLPAPI.DLL
0x00007fff04b20000 - 0x00007fff04b28000 	C:\WINDOWS\System32\NSI.dll
0x00007ffef96d0000 - 0x00007ffef96e6000 	C:\WINDOWS\SYSTEM32\dhcpcsvc6.DLL
0x00007ffef9c50000 - 0x00007ffef9c6c000 	C:\WINDOWS\SYSTEM32\dhcpcsvc.DLL
0x00007fff01370000 - 0x00007fff01436000 	C:\WINDOWS\SYSTEM32\DNSAPI.dll

VM Arguments:
jvm_args: -Xmx1536m -Dfile.encoding=windows-1252 -Duser.country=US -Duser.language=en -Duser.variant 
java_command: org.gradle.launcher.daemon.bootstrap.GradleDaemon 5.1.1
java_class_path (initial): C:\Users\zahid\.gradle\wrapper\dists\gradle-5.1.1-all\97z1ksx6lirer3kbvdnh7jtjg\gradle-5.1.1\lib\gradle-launcher-5.1.1.jar
Launcher Type: SUN_STANDARD

Environment Variables:
PATH=C:\Program Files\NVIDIA GPU Computing Toolkit\CUDA\v10.0\bin;C:\Program Files\NVIDIA GPU Computing Toolkit\CUDA\v10.0\libnvvp;C:\Program Files (x86)\Common Files\Oracle\Java\javapath;c:\Program Files (x86)\Intel\iCLS Client\;c:\Program Files\Intel\iCLS Client\;C:\Windows\system32;C:\Windows;C:\Windows\System32\Wbem;C:\Windows\System32\WindowsPowerShell\v1.0\;C:\Program Files\Intel\Intel(R) Management Engine Components\DAL;C:\Program Files\Intel\Intel(R) Management Engine Components\IPT;C:\Program Files (x86)\Intel\Intel(R) Management Engine Components\DAL;C:\Program Files (x86)\Intel\Intel(R) Management Engine Components\IPT;C:\Program Files (x86)\NVIDIA Corporation\PhysX\Common;C:\Program Files\Git\cmd;C:\Program Files (x86)\Bitvise SSH Client;C:\Program Files (x86)\QuickTime\QTSystem\;C:\xampp\php;C:\ProgramData\ComposerSetup\bin;C:\WINDOWS\system32;C:\WINDOWS;C:\WINDOWS\System32\Wbem;C:\WINDOWS\System32\WindowsPowerShell\v1.0\;C:\WINDOWS\System32\OpenSSH\;C:\Program Files\dotnet\;C:\Program Files\Java\jdk1.8.0_181\jre\bin;C:\WINDOWS\system32;C:\WINDOWS;C:\WINDOWS\System32\Wbem;C:\WINDOWS\System32\WindowsPowerShell\v1.0\;C:\WINDOWS\System32\OpenSSH\;C:\Program Files\nodejs\;C:\Users\zahid\Anaconda3;C:\Users\zahid\Anaconda3\Library\mingw-w64\bin;C:\Users\zahid\Anaconda3\Library\usr\bin;C:\Users\zahid\Anaconda3\Library\bin;C:\Users\zahid\Anaconda3\Scripts;C:\Users\zahid\AppData\Local\atom\bin;C:\Users\zahid\AppData\Roaming\Composer\vendor\bin;C:\Users\zahid\AppData\Local\Microsoft\WindowsApps;C:\Program Files\JetBrains\PyCharm 2018.3.1\bin;;C:\cuda\bin;C:\Users\zahid\AppData\Roaming\npm;C:\Users\zahid\AppData\Local\Programs\Microsoft VS Code\bin;C:\Program Files\Java\jre1.8.0_201\bin;C:\Program Files\heroku\bin
USERNAME=zahid
OS=Windows_NT
PROCESSOR_IDENTIFIER=Intel64 Family 6 Model 69 Stepping 1, GenuineIntel



---------------  S Y S T E M  ---------------

OS: Windows 10.0 , 64 bit Build 17763 (10.0.17763.437)

CPU:total 4 (initial active 4) (2 cores per cpu, 2 threads per core) family 6 model 69 stepping 1, cmov, cx8, fxsr, mmx, sse, sse2, sse3, ssse3, sse4.1, sse4.2, popcnt, avx, avx2, aes, clmul, erms, lzcnt, ht, tsc, tscinvbit, bmi1, bmi2

Memory: 4k page, physical 8298776k(401340k free), swap 14954776k(4084k free)

vm_info: OpenJDK 64-Bit Server VM (25.152-b01) for windows-amd64 JRE (1.8.0_152-release-1343-b01), built by "builder" with MS VC++ 10.0 (VS2010)

time: Sat May 04 16:56:12 2019
elapsed time: 173 seconds (0d 0h 2m 53s)

